<?xml version="1.0" encoding="UTF-8"?>
<!-- Generated by org.testng.reporters.JUnitXMLReporter -->
<testsuite hostname="AFP-011" failures="0" tests="7" name="Test Basics 1" time="61.91" errors="0" timestamp="2 May 2023 16:12:43 GMT">
  <testcase classname="testproject.SampleTestcase" name="testCase1" time="41.017"/>
  <testcase classname="testproject.SampleTestcase" name="testCase2" time="2.235"/>
  <testcase classname="testproject.SampleTestcase" name="testCase2" time="3.414"/>
  <testcase classname="testproject.SampleTestcase" name="testCase2" time="2.695"/>
  <testcase classname="testproject.SampleTestcase" name="testCase2" time="2.222"/>
  <testcase classname="testproject.SampleTestcase" name="testCase2" time="3.714"/>
  <testcase classname="testproject.SampleTestcase" name="testCase3" time="1.524"/>
</testsuite> <!-- Test Basics 1 -->
