<?xml version="1.0" encoding="UTF-8"?>
<testng-results total="7" passed="7" failed="0" skipped="0">
  <reporter-output>
  </reporter-output>
  <suite started-at="2023-05-02T16:11:41Z" name="Practice Suite" finished-at="2023-05-02T16:12:43Z" duration-ms="61910">
    <groups>
    </groups>
    <test started-at="2023-05-02T16:11:41Z" name="Test Basics 1" finished-at="2023-05-02T16:12:43Z" duration-ms="61910">
      <class name="testproject.SampleTestcase">
        <test-method is-config="true" signature="setup()[pri:0, instance:testproject.SampleTestcase@24111ef1]" started-at="2023-05-03T02:11:41Z" name="setup" finished-at="2023-05-03T02:11:46Z" duration-ms="4876" status="PASS">
          <reporter-output>
          </reporter-output>
        </test-method> <!-- setup -->
        <test-method signature="testCase1()[pri:0, instance:testproject.SampleTestcase@24111ef1]" started-at="2023-05-03T02:11:46Z" name="testCase1" finished-at="2023-05-03T02:12:27Z" duration-ms="41017" status="PASS">
          <reporter-output>
          </reporter-output>
        </test-method> <!-- testCase1 -->
        <test-method signature="testCase2()[pri:0, instance:testproject.SampleTestcase@24111ef1]" started-at="2023-05-03T02:12:27Z" name="testCase2" finished-at="2023-05-03T02:12:29Z" duration-ms="2235" status="PASS">
          <reporter-output>
          </reporter-output>
        </test-method> <!-- testCase2 -->
        <test-method signature="testCase2()[pri:0, instance:testproject.SampleTestcase@24111ef1]" started-at="2023-05-03T02:12:29Z" name="testCase2" finished-at="2023-05-03T02:12:33Z" duration-ms="3414" status="PASS">
          <reporter-output>
          </reporter-output>
        </test-method> <!-- testCase2 -->
        <test-method signature="testCase2()[pri:0, instance:testproject.SampleTestcase@24111ef1]" started-at="2023-05-03T02:12:33Z" name="testCase2" finished-at="2023-05-03T02:12:35Z" duration-ms="2695" status="PASS">
          <reporter-output>
          </reporter-output>
        </test-method> <!-- testCase2 -->
        <test-method signature="testCase2()[pri:0, instance:testproject.SampleTestcase@24111ef1]" started-at="2023-05-03T02:12:35Z" name="testCase2" finished-at="2023-05-03T02:12:38Z" duration-ms="2222" status="PASS">
          <reporter-output>
          </reporter-output>
        </test-method> <!-- testCase2 -->
        <test-method signature="testCase2()[pri:0, instance:testproject.SampleTestcase@24111ef1]" started-at="2023-05-03T02:12:38Z" name="testCase2" finished-at="2023-05-03T02:12:41Z" duration-ms="3714" status="PASS">
          <reporter-output>
          </reporter-output>
        </test-method> <!-- testCase2 -->
        <test-method signature="testCase3()[pri:0, instance:testproject.SampleTestcase@24111ef1]" started-at="2023-05-03T02:12:41Z" name="testCase3" finished-at="2023-05-03T02:12:43Z" duration-ms="1524" status="PASS">
          <reporter-output>
          </reporter-output>
        </test-method> <!-- testCase3 -->
        <test-method is-config="true" signature="cleanUp()[pri:0, instance:testproject.SampleTestcase@24111ef1]" started-at="2023-05-03T02:12:43Z" name="cleanUp" finished-at="2023-05-03T02:12:43Z" duration-ms="186" status="PASS">
          <reporter-output>
          </reporter-output>
        </test-method> <!-- cleanUp -->
      </class> <!-- testproject.SampleTestcase -->
    </test> <!-- Test Basics 1 -->
  </suite> <!-- Practice Suite -->
</testng-results>
