<?xml version="1.0" encoding="UTF-8"?>
<testng-results total="1" passed="1" failed="0" skipped="0">
  <reporter-output>
  </reporter-output>
  <suite started-at="2023-05-02T15:35:56Z" name="Practice Suite" finished-at="2023-05-02T15:36:04Z" duration-ms="7567">
    <groups>
    </groups>
    <test started-at="2023-05-02T15:35:56Z" name="Test Basics 1" finished-at="2023-05-02T15:36:04Z" duration-ms="7567">
      <class name="testproject.SampleTestcase">
        <test-method is-config="true" signature="setup()[pri:0, instance:testproject.SampleTestcase@24111ef1]" started-at="2023-05-03T01:35:56Z" name="setup" finished-at="2023-05-03T01:36:02Z" duration-ms="5975" status="PASS">
          <reporter-output>
          </reporter-output>
        </test-method> <!-- setup -->
        <test-method signature="testCase3()[pri:0, instance:testproject.SampleTestcase@24111ef1]" started-at="2023-05-03T01:36:02Z" name="testCase3" finished-at="2023-05-03T01:36:04Z" duration-ms="1455" status="PASS">
          <reporter-output>
          </reporter-output>
        </test-method> <!-- testCase3 -->
        <test-method is-config="true" signature="cleanUp()[pri:0, instance:testproject.SampleTestcase@24111ef1]" started-at="2023-05-03T01:36:04Z" name="cleanUp" finished-at="2023-05-03T01:36:04Z" duration-ms="126" status="PASS">
          <reporter-output>
          </reporter-output>
        </test-method> <!-- cleanUp -->
      </class> <!-- testproject.SampleTestcase -->
    </test> <!-- Test Basics 1 -->
  </suite> <!-- Practice Suite -->
</testng-results>
